<?xml version="1.0" encoding="UTF-8"?>
<testng-results ignored="0" total="3" passed="3" failed="0" skipped="0">
  <reporter-output>
    <line>
      <![CDATA[tc3 running]]>
    </line>
    <line>
      <![CDATA[tc2 running]]>
    </line>
    <line>
      <![CDATA[tc1 running]]>
    </line>
  </reporter-output>
  <suite started-at="2023-01-05T11:18:05 IST" name="Suite" finished-at="2023-01-05T11:18:06 IST" duration-ms="262">
    <groups>
    </groups>
    <test started-at="2023-01-05T11:18:05 IST" name="batchexcution" finished-at="2023-01-05T11:18:06 IST" duration-ms="262">
      <class name="TestCases.Tc2_Test">
        <test-method signature="m2()[pri:0, instance:TestCases.Tc2_Test@5f9b2141]" started-at="2023-01-05T11:18:06 IST" name="m2" finished-at="2023-01-05T11:18:06 IST" duration-ms="2" status="PASS">
          <reporter-output>
            <line>
              <![CDATA[tc2 running]]>
            </line>
          </reporter-output>
        </test-method> <!-- m2 -->
      </class> <!-- TestCases.Tc2_Test -->
      <class name="TestCases.Tc3_Test">
        <test-method signature="m3()[pri:0, instance:TestCases.Tc3_Test@550ee7e5]" started-at="2023-01-05T11:18:06 IST" name="m3" finished-at="2023-01-05T11:18:06 IST" duration-ms="12" status="PASS">
          <reporter-output>
            <line>
              <![CDATA[tc3 running]]>
            </line>
          </reporter-output>
        </test-method> <!-- m3 -->
      </class> <!-- TestCases.Tc3_Test -->
      <class name="TestCases.Tc1_Test">
        <test-method signature="m1()[pri:0, instance:TestCases.Tc1_Test@247d8ae]" started-at="2023-01-05T11:18:06 IST" name="m1" finished-at="2023-01-05T11:18:06 IST" duration-ms="2" status="PASS">
          <reporter-output>
            <line>
              <![CDATA[tc1 running]]>
            </line>
          </reporter-output>
        </test-method> <!-- m1 -->
      </class> <!-- TestCases.Tc1_Test -->
    </test> <!-- batchexcution -->
  </suite> <!-- Suite -->
</testng-results>
